android/build/app/intermediates/manifest_merge_blame_file/release/manifest-merger-blame-release-report.txt
1<?xml version="1.0" encoding="utf-8"?>
2<manifest xmlns:android="http://schemas.android.com/apk/res/android"
3    package="com.example.flutteraplicativo"
4    android:versionCode="1"
5    android:versionName="1.0.0" >
6
7    <uses-sdk
8        android:minSdkVersion="16"
8-->src\main\AndroidManifest.xml
9        android:targetSdkVersion="28" />
9-->src\main\AndroidManifest.xml
10    <!--
11         io.flutter.app.FlutterApplication is an android.app.Application that
12         calls FlutterMain.startInitialization(this); in its onCreate method.
13         In most cases you can leave this as-is, but you if you want to provide
14         additional functionality it is fine to subclass or reimplement
15         FlutterApplication and put your custom class here.
16    -->
17    <uses-permission android:name="android.permission.INTERNET" />
17-->src\main\AndroidManifest.xml:8:5-67
17-->src\main\AndroidManifest.xml:8:22-64
18    <uses-permission android:name="android.permission.WRITE_EXTERNAL_STORAGE" />
18-->src\main\AndroidManifest.xml:9:5-81
18-->src\main\AndroidManifest.xml:9:22-78
19    <uses-permission android:name="android.permission.READ_EXTERNAL_STORAGE" />
19-->src\main\AndroidManifest.xml:10:5-80
19-->src\main\AndroidManifest.xml:10:22-77
20    <uses-permission android:name="android.permission.REQUEST_INSTALL_PACKAGES" /> <!-- Although the *SdkVersion is captured in gradle build files, this is required for non gradle builds -->
20-->[:open_file] AndroidManifest.xml:8:5-83
20-->[:open_file] AndroidManifest.xml:8:22-80
21    <!-- <uses-sdk android:minSdkVersion="14"/> -->
22    <uses-permission android:name="android.permission.ACCESS_NETWORK_STATE" />
22-->[com.google.firebase:firebase-storage:17.0.0] AndroidManifest.xml:26:5-79
22-->[com.google.firebase:firebase-storage:17.0.0] AndroidManifest.xml:26:22-76
23
24    <application
24-->src\main\AndroidManifest.xml:11:5-58:19
25        android:name="io.flutter.app.FlutterApplication"
25-->src\main\AndroidManifest.xml:12:9-57
26        android:appComponentFactory="androidx.core.app.CoreComponentFactory"
26-->[androidx.core:core:1.5.0] AndroidManifest.xml:24:18-86
27        android:icon="@mipmap/launcher_icon"
27-->src\main\AndroidManifest.xml:15:9-45
28        android:label="Crt Sistemas"
28-->src\main\AndroidManifest.xml:13:9-37
29        android:usesCleartextTraffic="true" >
29-->src\main\AndroidManifest.xml:14:9-44
30        <uses-library
30-->src\main\AndroidManifest.xml:16:9-18:36
31            android:name="org.apache.http.legacy"
31-->src\main\AndroidManifest.xml:17:9-46
32            android:required="false" />
32-->src\main\AndroidManifest.xml:18:9-33
33
34        <activity
34-->src\main\AndroidManifest.xml:19:9-47:20
35            android:name="com.example.flutteraplicativo.MainActivity"
35-->src\main\AndroidManifest.xml:20:13-41
36            android:configChanges="orientation|keyboardHidden|keyboard|screenSize|smallestScreenSize|locale|layoutDirection|fontScale|screenLayout|density|uiMode"
36-->src\main\AndroidManifest.xml:23:13-163
37            android:hardwareAccelerated="true"
37-->src\main\AndroidManifest.xml:24:13-47
38            android:launchMode="singleTop"
38-->src\main\AndroidManifest.xml:21:13-43
39            android:theme="@style/LaunchTheme"
39-->src\main\AndroidManifest.xml:22:13-47
40            android:windowSoftInputMode="adjustResize" >
40-->src\main\AndroidManifest.xml:25:13-55
41
42            <!--
43                 Specifies an Android theme to apply to this Activity as soon as
44                 the Android process has started. This theme is visible to the user
45                 while the Flutter UI initializes. After that, this theme continues
46                 to determine the Window background behind the Flutter UI.
47            -->
48            <meta-data
48-->src\main\AndroidManifest.xml:30:13-33:17
49                android:name="io.flutter.embedding.android.NormalTheme"
49-->src\main\AndroidManifest.xml:31:15-70
50                android:resource="@style/NormalTheme" />
50-->src\main\AndroidManifest.xml:32:15-52
51            <!--
52                 Displays an Android View that continues showing the launch screen
53                 Drawable until Flutter paints its first frame, then this splash
54                 screen fades out. A splash screen is useful to avoid any visual
55                 gap between the end of Android's launch screen and the painting of
56                 Flutter's first frame.
57            -->
58            <meta-data
58-->src\main\AndroidManifest.xml:39:13-42:17
59                android:name="io.flutter.embedding.android.SplashScreenDrawable"
59-->src\main\AndroidManifest.xml:40:15-79
60                android:resource="@drawable/launch_background" />
60-->src\main\AndroidManifest.xml:41:15-61
61
62            <intent-filter>
62-->src\main\AndroidManifest.xml:43:13-46:29
63                <action android:name="android.intent.action.MAIN" />
63-->src\main\AndroidManifest.xml:44:17-68
63-->src\main\AndroidManifest.xml:44:25-66
64
65                <category android:name="android.intent.category.LAUNCHER" />
65-->src\main\AndroidManifest.xml:45:17-76
65-->src\main\AndroidManifest.xml:45:27-74
66            </intent-filter>
67        </activity>
68        <activity
68-->src\main\AndroidManifest.xml:48:9-52:11
69            android:name="com.yalantis.ucrop.UCropActivity"
69-->src\main\AndroidManifest.xml:49:13-60
70            android:screenOrientation="portrait"
70-->src\main\AndroidManifest.xml:50:13-49
71            android:theme="@style/Theme.AppCompat.Light.NoActionBar" />
71-->src\main\AndroidManifest.xml:51:13-69
72        <!--
73             Don't delete the meta-data below.
74             This is used by the Flutter tool to generate GeneratedPluginRegistrant.java
75        -->
76        <meta-data
76-->src\main\AndroidManifest.xml:55:9-57:33
77            android:name="flutterEmbedding"
77-->src\main\AndroidManifest.xml:56:13-44
78            android:value="2" />
78-->src\main\AndroidManifest.xml:57:13-30
79
80        <service
80-->[:firebase_auth] AndroidManifest.xml:8:9-12:19
81            android:name="com.google.firebase.components.ComponentDiscoveryService"
81-->[:firebase_auth] AndroidManifest.xml:8:18-89
82            android:exported="false" >
82-->[com.google.firebase:firebase-auth:17.0.0] AndroidManifest.xml:35:13-37
83            <meta-data
83-->[:firebase_auth] AndroidManifest.xml:9:13-11:85
84                android:name="com.google.firebase.components:io.flutter.plugins.firebaseauth.FlutterFirebaseAppRegistrar"
84-->[:firebase_auth] AndroidManifest.xml:10:17-122
85                android:value="com.google.firebase.components.ComponentRegistrar" />
85-->[:firebase_auth] AndroidManifest.xml:11:17-82
86            <meta-data
86-->[:firebase_storage] AndroidManifest.xml:9:13-11:85
87                android:name="com.google.firebase.components:io.flutter.plugins.firebase.storage.FlutterFirebaseAppRegistrar"
87-->[:firebase_storage] AndroidManifest.xml:10:17-126
88                android:value="com.google.firebase.components.ComponentRegistrar" />
88-->[:firebase_storage] AndroidManifest.xml:11:17-82
89            <meta-data
89-->[:firebase_core] AndroidManifest.xml:9:13-11:85
90                android:name="com.google.firebase.components:io.flutter.plugins.firebase.core.FlutterFirebaseAppRegistrar"
90-->[:firebase_core] AndroidManifest.xml:10:17-123
91                android:value="com.google.firebase.components.ComponentRegistrar" />
91-->[:firebase_core] AndroidManifest.xml:11:17-82
92            <meta-data
92-->[com.google.firebase:firebase-auth:17.0.0] AndroidManifest.xml:36:13-38:85
93                android:name="com.google.firebase.components:com.google.firebase.auth.FirebaseAuthRegistrar"
93-->[com.google.firebase:firebase-auth:17.0.0] AndroidManifest.xml:37:17-109
94                android:value="com.google.firebase.components.ComponentRegistrar" />
94-->[com.google.firebase:firebase-auth:17.0.0] AndroidManifest.xml:38:17-82
95            <meta-data
95-->[com.google.firebase:firebase-storage:17.0.0] AndroidManifest.xml:31:13-33:85
96                android:name="com.google.firebase.components:com.google.firebase.storage.StorageRegistrar"
96-->[com.google.firebase:firebase-storage:17.0.0] AndroidManifest.xml:32:17-107
97                android:value="com.google.firebase.components.ComponentRegistrar" />
97-->[com.google.firebase:firebase-storage:17.0.0] AndroidManifest.xml:33:17-82
98        </service>
99
100        <provider
100-->[:image_picker] AndroidManifest.xml:11:9-19:20
101            android:name="io.flutter.plugins.imagepicker.ImagePickerFileProvider"
101-->[:image_picker] AndroidManifest.xml:12:13-82
102            android:authorities="com.example.flutteraplicativo.flutter.image_provider"
102-->[:image_picker] AndroidManifest.xml:13:13-74
103            android:exported="false"
103-->[:image_picker] AndroidManifest.xml:14:13-37
104            android:grantUriPermissions="true" >
104-->[:image_picker] AndroidManifest.xml:15:13-47
105            <meta-data
105-->[:image_picker] AndroidManifest.xml:16:13-18:75
106                android:name="android.support.FILE_PROVIDER_PATHS"
106-->[:image_picker] AndroidManifest.xml:17:17-67
107                android:resource="@xml/flutter_image_picker_file_paths" />
107-->[:image_picker] AndroidManifest.xml:18:17-72
108        </provider>
109        <provider
109-->[:printing] AndroidManifest.xml:8:9-16:20
110            android:name="net.nfet.flutter.printing.PrintFileProvider"
110-->[:printing] AndroidManifest.xml:9:13-71
111            android:authorities="com.example.flutteraplicativo.flutter.printing"
111-->[:printing] AndroidManifest.xml:10:13-68
112            android:exported="false"
112-->[:printing] AndroidManifest.xml:11:13-37
113            android:grantUriPermissions="true" >
113-->[:printing] AndroidManifest.xml:12:13-47
114            <meta-data
114-->[:image_picker] AndroidManifest.xml:16:13-18:75
115                android:name="android.support.FILE_PROVIDER_PATHS"
115-->[:image_picker] AndroidManifest.xml:17:17-67
116                android:resource="@xml/flutter_printing_file_paths" />
116-->[:image_picker] AndroidManifest.xml:18:17-72
117        </provider>
118        <provider
118-->[:open_file] AndroidManifest.xml:12:9-21:20
119            android:name="com.crazecoder.openfile.FileProvider"
119-->[:open_file] AndroidManifest.xml:13:13-64
120            android:authorities="com.example.flutteraplicativo.fileProvider.com.crazecoder.openfile"
120-->[:open_file] AndroidManifest.xml:14:13-88
121            android:exported="false"
121-->[:open_file] AndroidManifest.xml:15:13-37
122            android:grantUriPermissions="true" >
122-->[:open_file] AndroidManifest.xml:16:13-47
123            <meta-data
123-->[:image_picker] AndroidManifest.xml:16:13-18:75
124                android:name="android.support.FILE_PROVIDER_PATHS"
124-->[:image_picker] AndroidManifest.xml:17:17-67
125                android:resource="@xml/filepaths" />
125-->[:image_picker] AndroidManifest.xml:18:17-72
126        </provider>
127
128        <activity
128-->[com.google.firebase:firebase-auth:17.0.0] AndroidManifest.xml:24:9-31:50
129            android:name="com.google.firebase.auth.internal.FederatedSignInActivity"
129-->[com.google.firebase:firebase-auth:17.0.0] AndroidManifest.xml:25:13-85
130            android:excludeFromRecents="true"
130-->[com.google.firebase:firebase-auth:17.0.0] AndroidManifest.xml:26:13-46
131            android:exported="true"
131-->[com.google.firebase:firebase-auth:17.0.0] AndroidManifest.xml:27:13-36
132            android:launchMode="singleTask"
132-->[com.google.firebase:firebase-auth:17.0.0] AndroidManifest.xml:28:13-44
133            android:permission="com.google.firebase.auth.api.gms.permission.LAUNCH_FEDERATED_SIGN_IN"
133-->[com.google.firebase:firebase-auth:17.0.0] AndroidManifest.xml:29:13-102
134            android:theme="@android:style/Theme.Translucent.NoTitleBar" />
134-->[com.google.firebase:firebase-auth:17.0.0] AndroidManifest.xml:30:13-72
135
136        <provider
136-->[com.google.firebase:firebase-common:17.0.0] AndroidManifest.xml:12:9-16:39
137            android:name="com.google.firebase.provider.FirebaseInitProvider"
137-->[com.google.firebase:firebase-common:17.0.0] AndroidManifest.xml:13:13-77
138            android:authorities="com.example.flutteraplicativo.firebaseinitprovider"
138-->[com.google.firebase:firebase-common:17.0.0] AndroidManifest.xml:14:13-72
139            android:exported="false"
139-->[com.google.firebase:firebase-common:17.0.0] AndroidManifest.xml:15:13-37
140            android:initOrder="100" />
140-->[com.google.firebase:firebase-common:17.0.0] AndroidManifest.xml:16:13-36
141
142        <activity
142-->[com.google.android.gms:play-services-base:16.0.1] AndroidManifest.xml:23:9-26:75
143            android:name="com.google.android.gms.common.api.GoogleApiActivity"
143-->[com.google.android.gms:play-services-base:16.0.1] AndroidManifest.xml:24:13-79
144            android:exported="false"
144-->[com.google.android.gms:play-services-base:16.0.1] AndroidManifest.xml:25:13-37
145            android:theme="@android:style/Theme.Translucent.NoTitleBar" />
145-->[com.google.android.gms:play-services-base:16.0.1] AndroidManifest.xml:26:13-72
146
147        <meta-data
147-->[com.google.android.gms:play-services-basement:16.1.0] AndroidManifest.xml:23:9-25:69
148            android:name="com.google.android.gms.version"
148-->[com.google.android.gms:play-services-basement:16.1.0] AndroidManifest.xml:24:13-58
149            android:value="@integer/google_play_services_version" />
149-->[com.google.android.gms:play-services-basement:16.1.0] AndroidManifest.xml:25:13-66
150    </application>
151
152</manifest>